<?xml version="1.0" encoding="UTF-8"?>
<testng-results ignored="0" total="1" passed="1" failed="0" skipped="0">
  <reporter-output>
    <line>
      <![CDATA[Application Opened]]>
    </line>
  </reporter-output>
  <suite started-at="2023-09-08T16:21:12 IST" name="Default suite" finished-at="2023-09-08T16:21:17 IST" duration-ms="5385">
    <groups>
    </groups>
    <test started-at="2023-09-08T16:21:12 IST" name="Default test" finished-at="2023-09-08T16:21:17 IST" duration-ms="5385">
      <class name="com.hrms.testscripts.TC001">
        <test-method signature="tc001()[pri:0, instance:com.hrms.testscripts.TC001@6340e5f0]" started-at="2023-09-08T16:21:12 IST" name="tc001" finished-at="2023-09-08T16:21:17 IST" duration-ms="5308" status="PASS">
          <reporter-output>
            <line>
              <![CDATA[Application Opened]]>
            </line>
          </reporter-output>
        </test-method> <!-- tc001 -->
      </class> <!-- com.hrms.testscripts.TC001 -->
    </test> <!-- Default test -->
  </suite> <!-- Default suite -->
</testng-results>
